#
# A fatal error has been detected by the Java Runtime Environment:
#
#  EXCEPTION_ACCESS_VIOLATION (0xc0000005) at pc=0x00007ffaa30e0597, pid=1808, tid=9044
#
# JRE version: Java(TM) SE Runtime Environment (14.0.1+7) (build 14.0.1+7)
# Java VM: Java HotSpot(TM) 64-Bit Server VM (14.0.1+7, mixed mode, sharing, tiered, compressed oops, parallel gc, windows-amd64)
# Problematic frame:
# V  [jvm.dll+0x6c0597]
#
# No core dump will be written. Minidumps are not enabled by default on client versions of Windows
#
# If you would like to submit a bug report, please visit:
#   https://bugreport.java.com/bugreport/crash.jsp
#

---------------  S U M M A R Y ------------

Command Line: --add-modules=ALL-SYSTEM --add-opens=java.base/java.util=ALL-UNNAMED --add-opens=java.base/java.lang=ALL-UNNAMED -Declipse.application=org.eclipse.jdt.ls.core.id1 -Dosgi.bundles.defaultStartLevel=4 -Declipse.product=org.eclipse.jdt.ls.core.product -Dfile.encoding=utf8 -DwatchParentProcess=false -XX:+UseParallelGC -XX:GCTimeRatio=4 -XX:AdaptiveSizePolicyWeight=90 -Dsun.zip.disableMemoryMapping=true -Xmx1G -Xms100m c:\Users\cosme\.vscode\extensions\redhat.java-0.68.0\server\plugins\org.eclipse.equinox.launcher_1.5.800.v20200727-1323.jar -configuration c:\Users\cosme\AppData\Roaming\Code\User\globalStorage\redhat.java\0.68.0\config_win -data c:\Users\cosme\AppData\Roaming\Code\User\workspaceStorage\5d43724c83d1efb23ca6038b02995092\redhat.java\jdt_ws

Host: Intel(R) Core(TM) i5-8600K CPU @ 3.60GHz, 6 cores, 15G,  Windows 10 , 64 bit Build 18362 (10.0.18362.1082)
Time: Sun Oct  4 18:16:55 2020 W. Europe Daylight Time elapsed time: 6 seconds (0d 0h 0m 6s)

---------------  T H R E A D  ---------------

Current thread (0x000001d8a47a2800):  JavaThread "Worker-2: Updating Maven Dependencies" [_thread_in_vm, id=9044, stack(0x0000009ad4000000,0x0000009ad4100000)]

Stack: [0x0000009ad4000000,0x0000009ad4100000],  sp=0x0000009ad40fc5a0,  free space=1009k
Native frames: (J=compiled Java code, j=interpreted, Vv=VM code, C=native code)
V  [jvm.dll+0x6c0597]
V  [jvm.dll+0x6c23ac]
V  [jvm.dll+0x1b824a]
V  [jvm.dll+0x1b6aea]
V  [jvm.dll+0x1bc0c5]
V  [jvm.dll+0x1b0c2e]
V  [jvm.dll+0x4d3652]
V  [jvm.dll+0x6cc7b9]
V  [jvm.dll+0x3b49e0]
V  [jvm.dll+0x3b97cd]
C  [java.dll+0x1970]

Java frames: (J=compiled Java code, j=interpreted, Vv=VM code)
J 1105  java.lang.ClassLoader.defineClass1(Ljava/lang/ClassLoader;Ljava/lang/String;[BIILjava/security/ProtectionDomain;Ljava/lang/String;)Ljava/lang/Class; java.base@14.0.1 (0 bytes) @ 0x000001d898893eeb [0x000001d898893e20+0x00000000000000cb]
J 4019 c2 org.eclipse.osgi.internal.loader.classpath.ClasspathManager.defineClass(Ljava/lang/String;[BLorg/eclipse/osgi/internal/loader/classpath/ClasspathEntry;Lorg/eclipse/osgi/storage/bundlefile/BundleEntry;Ljava/util/List;)Ljava/lang/Class; (636 bytes) @ 0x000001d898a29804 [0x000001d898a27c40+0x0000000000001bc4]
J 2846 c2 org.eclipse.osgi.internal.loader.classpath.ClasspathManager.findClassImpl(Ljava/lang/String;Lorg/eclipse/osgi/internal/loader/classpath/ClasspathEntry;Ljava/util/List;)Ljava/lang/Class; (308 bytes) @ 0x000001d898974af4 [0x000001d898973720+0x00000000000013d4]
J 3541 c2 org.eclipse.osgi.internal.loader.classpath.ClasspathManager.findLocalClass(Ljava/lang/String;)Ljava/lang/Class; (210 bytes) @ 0x000001d8989cc824 [0x000001d8989cc3a0+0x0000000000000484]
J 4134 c2 org.eclipse.osgi.internal.loader.BundleLoader.findLocalClass(Ljava/lang/String;)Ljava/lang/Class; (152 bytes) @ 0x000001d898a3f6f8 [0x000001d898a3f660+0x0000000000000098]
J 4078 c2 org.eclipse.osgi.internal.loader.BundleLoader.findClass(Ljava/lang/String;)Ljava/lang/Class; (531 bytes) @ 0x000001d898a496bc [0x000001d898a46820+0x0000000000002e9c]
J 4081 c2 org.eclipse.osgi.internal.loader.ModuleClassLoader.loadClass(Ljava/lang/String;Z)Ljava/lang/Class; (119 bytes) @ 0x000001d898a3e0f0 [0x000001d898a3e080+0x0000000000000070]
J 3202 c2 java.lang.ClassLoader.loadClass(Ljava/lang/String;)Ljava/lang/Class; java.base@14.0.1 (7 bytes) @ 0x000001d8989ad4d0 [0x000001d8989ad480+0x0000000000000050]
v  ~StubRoutines::call_stub
j  org.eclipse.m2e.core.internal.embedder.DefaultMavenComponentContributor.contribute(Lorg/eclipse/m2e/core/internal/embedder/IMavenComponentContributor$IMavenComponentBinder;)V+69
j  org.eclipse.m2e.core.internal.embedder.ExtensionModule.configure()V+58
j  com.google.inject.AbstractModule.configure(Lcom/google/inject/Binder;)V+31
j  com.google.inject.spi.Elements$RecordingBinder.install(Lcom/google/inject/Module;)V+161
j  org.codehaus.plexus.DefaultPlexusContainer$BootModule.configure(Lcom/google/inject/Binder;)V+32
j  com.google.inject.spi.Elements$RecordingBinder.install(Lcom/google/inject/Module;)V+161
j  com.google.inject.spi.Elements.getElements(Lcom/google/inject/Stage;Ljava/lang/Iterable;)Ljava/util/List;+40
j  com.google.inject.spi.Elements.getElements(Ljava/lang/Iterable;)Ljava/util/List;+4
j  org.eclipse.sisu.wire.WireModule.configure(Lcom/google/inject/Binder;)V+13
j  com.google.inject.spi.Elements$RecordingBinder.install(Lcom/google/inject/Module;)V+161
j  com.google.inject.spi.Elements.getElements(Lcom/google/inject/Stage;Ljava/lang/Iterable;)Ljava/util/List;+40
j  com.google.inject.internal.InjectorShell$Builder.build(Lcom/google/inject/internal/Initializer;Lcom/google/inject/internal/ProcessedBindingData;Lcom/google/inject/internal/util/Stopwatch;Lcom/google/inject/internal/Errors;)Ljava/util/List;+122
j  com.google.inject.internal.InternalInjectorCreator.build()Lcom/google/inject/Injector;+48
j  com.google.inject.Guice.createInjector(Lcom/google/inject/Stage;Ljava/lang/Iterable;)Lcom/google/inject/Injector;+15
j  com.google.inject.Guice.createInjector(Ljava/lang/Iterable;)Lcom/google/inject/Injector;+4
j  com.google.inject.Guice.createInjector([Lcom/google/inject/Module;)Lcom/google/inject/Injector;+4
j  org.codehaus.plexus.DefaultPlexusContainer.addPlexusInjector(Ljava/util/List;[Lcom/google/inject/Module;)Lcom/google/inject/Injector;+88
j  org.codehaus.plexus.DefaultPlexusContainer.<init>(Lorg/codehaus/plexus/ContainerConfiguration;[Lcom/google/inject/Module;)V+396
j  org.eclipse.m2e.core.internal.embedder.MavenImpl.newPlexusContainer()Lorg/codehaus/plexus/DefaultPlexusContainer;+125
j  org.eclipse.m2e.core.internal.embedder.MavenImpl.getPlexusContainer0()Lorg/codehaus/plexus/PlexusContainer;+8
j  org.eclipse.m2e.core.internal.embedder.MavenImpl.getPlexusContainer()Lorg/codehaus/plexus/PlexusContainer;+1
j  org.eclipse.m2e.core.internal.embedder.MavenImpl.lookup(Ljava/lang/Class;)Ljava/lang/Object;+1
j  org.eclipse.m2e.core.internal.embedder.MavenImpl.createExecutionRequest()Lorg/apache/maven/execution/MavenExecutionRequest;+87
j  org.eclipse.m2e.core.internal.embedder.MavenExecutionContext.newExecutionRequest()Lorg/apache/maven/execution/MavenExecutionRequest;+63
j  org.eclipse.m2e.core.internal.embedder.MavenExecutionContext.execute(Lorg/apache/maven/project/MavenProject;Lorg/eclipse/m2e/core/embedder/ICallable;Lorg/eclipse/core/runtime/IProgressMonitor;)Ljava/lang/Object;+131
j  org.eclipse.m2e.core.internal.embedder.MavenExecutionContext.execute(Lorg/eclipse/m2e/core/embedder/ICallable;Lorg/eclipse/core/runtime/IProgressMonitor;)Ljava/lang/Object;+4
j  org.eclipse.m2e.core.internal.embedder.MavenImpl.execute(Lorg/eclipse/m2e/core/embedder/ICallable;Lorg/eclipse/core/runtime/IProgressMonitor;)Ljava/lang/Object;+6
j  org.eclipse.m2e.core.internal.project.registry.ProjectRegistryRefreshJob.run(Lorg/eclipse/core/runtime/IProgressMonitor;)Lorg/eclipse/core/runtime/IStatus;+71
j  org.eclipse.core.internal.jobs.Worker.run()V+33
v  ~StubRoutines::call_stub

siginfo: EXCEPTION_ACCESS_VIOLATION (0xc0000005), reading address 0xffffffffffffffff


Register to memory mapping:

RIP=0x00007ffaa30e0597 jvm.dll
RAX=0x000000000000ffff is an unknown value
RBX=0x000001d8a8240460 points into unknown readable memory: 65 ff ff ff ff ff ff ff
RCX=0x0000000000002528 is an unknown value
RDX=0x000000004d822528 is an unknown value
RSP=0x0000009ad40fc5a0 is pointing into the stack for thread: 0x000001d8a47a2800
RBP=0x0000009ad40fc630 is pointing into the stack for thread: 0x000001d8a47a2800
RSI=0x0000000000000002 is an unknown value
RDI=0x000001d8a47a2800 is a thread
R8 =0x0 is NULL
R9 =0x9007e4ffa0fb3e03 is an unknown value
R10=0x0000000000000008 is an unknown value
R11=0x0000009ad40fc658 is pointing into the stack for thread: 0x000001d8a47a2800
R12=0x0 is NULL
R13=0x0000000000000001 is an unknown value
R14=0x000001d888631250 points into unknown readable memory: 50 01 50 86 d8 01 00 00
R15=0x000001d8a47a2800 is a thread


Registers:
RAX=0x000000000000ffff, RBX=0x000001d8a8240460, RCX=0x0000000000002528, RDX=0x000000004d822528
RSP=0x0000009ad40fc5a0, RBP=0x0000009ad40fc630, RSI=0x0000000000000002, RDI=0x000001d8a47a2800
R8 =0x0000000000000000, R9 =0x9007e4ffa0fb3e03, R10=0x0000000000000008, R11=0x0000009ad40fc658
R12=0x0000000000000000, R13=0x0000000000000001, R14=0x000001d888631250, R15=0x000001d8a47a2800
RIP=0x00007ffaa30e0597, EFLAGS=0x0000000000010202

Top of Stack: (sp=0x0000009ad40fc5a0)
0x0000009ad40fc5a0:   0000009ad40fcb30 000000000000000b
0x0000009ad40fc5b0:   0000000000000004 000001d8a6f1df7a
0x0000009ad40fc5c0:   000001d8ab5409a0 000000000000000c
0x0000009ad40fc5d0:   0000009ad40fcb30 000000000000000c
0x0000009ad40fc5e0:   000001d8a47a2800 000001d8a6f1df81
0x0000009ad40fc5f0:   0000009ad40fc760 00007ffaa30e23ac
0x0000009ad40fc600:   000000004d822528 0000000000000018
0x0000009ad40fc610:   000001d8a6f1df81 0000009ad40fc660
0x0000009ad40fc620:   0000009ad40fc668 00007ffaa30e22e7
0x0000009ad40fc630:   000000004d822528 000000004d822528
0x0000009ad40fc640:   000001d800000018 000001d8a6f1df81
0x0000009ad40fc650:   000001d8a47a2800 00007ffaa2bd824a
0x0000009ad40fc660:   0000000000000000 000001d8a6f1df00
0x0000009ad40fc670:   000001d8a6f1df81 000001d8a47a2800
0x0000009ad40fc680:   000001d8a6ca4ee0 000001d8a47a2800
0x0000009ad40fc690:   0000000800e7e530 000000000000000e 

Instructions: (pc=0x00007ffaa30e0597)
0x00007ffaa30e0497:   48 8b 7c 24 48 48 8b 74 24 50 4c 3b ff 0f 82 76
0x00007ffaa30e04a7:   fd ff ff 4c 8b b4 24 b8 08 00 00 49 89 9d 08 01
0x00007ffaa30e04b7:   00 00 48 8b 8c 24 60 08 00 00 48 33 cc e8 b7 32
0x00007ffaa30e04c7:   0d 00 48 81 c4 70 08 00 00 41 5f 41 5d 41 5c 5f
0x00007ffaa30e04d7:   5e 5d 5b c3 cc cc cc cc cc 48 89 5c 24 10 4c 89
0x00007ffaa30e04e7:   4c 24 20 55 56 57 41 54 41 55 41 56 41 57 48 83
0x00007ffaa30e04f7:   ec 20 4c 8b a2 08 01 00 00 4d 8b e9 49 8b e8 4c
0x00007ffaa30e0507:   8b fa 4c 8b f1 49 8b c4 41 f6 c4 01 75 0b 48 8b
0x00007ffaa30e0517:   05 24 fb 37 00 48 83 c8 01 48 89 82 08 01 00 00
0x00007ffaa30e0527:   e8 74 9b f2 ff 49 8b 46 48 45 33 c0 48 85 c0 74
0x00007ffaa30e0537:   0c 4d 89 46 48 e8 5f 9b f2 ff 45 33 c0 49 8b 46
0x00007ffaa30e0547:   08 40 32 ff 48 8b 55 08 48 8b 48 18 48 8b 00 48
0x00007ffaa30e0557:   23 ca 48 8d 1c c8 48 8b 04 c8 d0 e8 a8 01 74 12
0x00007ffaa30e0567:   49 8b 46 10 48 8b 48 18 48 8b 00 48 23 ca 48 8d
0x00007ffaa30e0577:   1c c8 48 8b 1b 49 8b f0 48 83 e3 fc 74 7b 41 bd
0x00007ffaa30e0587:   01 00 00 00 0f 1f 44 00 00 4c 8b 4b 08 48 ff c6
0x00007ffaa30e0597:   41 8b 01 c1 e8 10 3b 45 10 75 36 85 c0 74 24 4c
0x00007ffaa30e05a7:   8b 45 18 49 8b c9 49 03 c0 49 2b c8 0f b6 54 01
0x00007ffaa30e05b7:   05 48 ff c8 38 10 75 19 48 8b d0 49 2b d0 48 85
0x00007ffaa30e05c7:   d2 7f e9 49 8b c9 e8 0e f8 ff ff 84 c0 75 22 eb
0x00007ffaa30e05d7:   0a 41 8b 01 0f b7 c0 85 c0 75 0e 40 84 ff 40 0f
0x00007ffaa30e05e7:   b6 c7 41 0f 44 c5 0f b6 f8 48 8b 1b 48 85 db 75
0x00007ffaa30e05f7:   98 4c 8b 6c 24 78 45 33 c0 48 8b 94 24 80 00 00
0x00007ffaa30e0607:   00 48 8d 4b 08 48 85 db 48 89 74 24 60 49 0f 44
0x00007ffaa30e0617:   c8 48 85 d2 74 09 49 3b 76 28 0f 97 c0 88 02 48
0x00007ffaa30e0627:   85 c9 74 0b 48 8b 01 49 89 45 00 b0 01 eb 02 32
0x00007ffaa30e0637:   c0 48 8b 5c 24 68 4d 89 a7 08 01 00 00 48 83 c4
0x00007ffaa30e0647:   20 41 5f 41 5e 41 5d 41 5c 5f 5e 5d c3 cc cc cc
0x00007ffaa30e0657:   cc cc cc cc cc cc cc cc cc 4c 89 44 24 18 48 89
0x00007ffaa30e0667:   54 24 10 48 89 4c 24 08 53 55 56 57 41 54 41 55
0x00007ffaa30e0677:   41 56 41 57 48 83 ec 48 49 8b 68 08 4c 8b f9 33
0x00007ffaa30e0687:   c9 48 c7 44 24 30 00 00 00 00 48 89 8c 24 a8 00 


Stack slot to memory mapping:
stack at sp + 0 slots: 0x0000009ad40fcb30 is pointing into the stack for thread: 0x000001d8a47a2800
stack at sp + 1 slots: 0x000000000000000b is an unknown value
stack at sp + 2 slots: 0x0000000000000004 is an unknown value
stack at sp + 3 slots: 0x000001d8a6f1df7a points into unknown readable memory: 43 6f 64 65 01 00
stack at sp + 4 slots: 0x000001d8ab5409a0 is pointing into metadata
stack at sp + 5 slots: 0x000000000000000c is an unknown value
stack at sp + 6 slots: 0x0000009ad40fcb30 is pointing into the stack for thread: 0x000001d8a47a2800
stack at sp + 7 slots: 0x000000000000000c is an unknown value


---------------  P R O C E S S  ---------------

Threads class SMR info:
_java_thread_list=0x000001d8a74ff280, length=34, elements={
0x000001d8885d2800, 0x000001d88868d000, 0x000001d88868e800, 0x000001d8a2742000,
0x000001d8a2743000, 0x000001d8a2744000, 0x000001d8a2747000, 0x000001d8a2748000,
0x000001d8a274a800, 0x000001d8a3fc5000, 0x000001d8a40c4800, 0x000001d8a4537000,
0x000001d8a45b5800, 0x000001d8a45b6000, 0x000001d8a45b7000, 0x000001d8a45c0800,
0x000001d8a45c3800, 0x000001d8a45e3800, 0x000001d8a45f5000, 0x000001d8a47a5800,
0x000001d8a47a1800, 0x000001d8a47a3000, 0x000001d8a47a5000, 0x000001d8a47a4000,
0x000001d8a47a7000, 0x000001d8a47a6800, 0x000001d8a47a2800, 0x000001d8a47a8000,
0x000001d8a5ac9800, 0x000001d8a5a3b800, 0x000001d8a5ac6000, 0x000001d8a5aca000,
0x000001d8a5ac8800, 0x000001d8a5acb000
}
_to_delete_list=0x000001d8a74ffac0, length=33, elements={
0x000001d8885d2800, 0x000001d88868d000, 0x000001d88868e800, 0x000001d8a2742000,
0x000001d8a2743000, 0x000001d8a2744000, 0x000001d8a2747000, 0x000001d8a2748000,
0x000001d8a274a800, 0x000001d8a3fc5000, 0x000001d8a40c4800, 0x000001d8a4537000,
0x000001d8a45b5800, 0x000001d8a45b6000, 0x000001d8a45b7000, 0x000001d8a45c0800,
0x000001d8a45c3800, 0x000001d8a45e3800, 0x000001d8a45f5000, 0x000001d8a47a5800,
0x000001d8a47a1800, 0x000001d8a47a3000, 0x000001d8a47a5000, 0x000001d8a47a4000,
0x000001d8a47a7000, 0x000001d8a47a6800, 0x000001d8a47a2800, 0x000001d8a47a8000,
0x000001d8a5ac9800, 0x000001d8a5a3b800, 0x000001d8a5ac6000, 0x000001d8a5aca000,
0x000001d8a5ac8800
}

Java Threads: ( => current thread )
  0x000001d8885d2800 JavaThread "main" [_thread_blocked, id=6796, stack(0x0000009ad1d00000,0x0000009ad1e00000)]
  0x000001d88868d000 JavaThread "Reference Handler" daemon [_thread_blocked, id=13960, stack(0x0000009ad2000000,0x0000009ad2100000)]
  0x000001d88868e800 JavaThread "Finalizer" daemon [_thread_blocked, id=12972, stack(0x0000009ad2100000,0x0000009ad2200000)]
  0x000001d8a2742000 JavaThread "Signal Dispatcher" daemon [_thread_blocked, id=16380, stack(0x0000009ad2200000,0x0000009ad2300000)]
  0x000001d8a2743000 JavaThread "Attach Listener" daemon [_thread_blocked, id=19896, stack(0x0000009ad2300000,0x0000009ad2400000)]
  0x000001d8a2744000 JavaThread "Service Thread" daemon [_thread_blocked, id=11920, stack(0x0000009ad2400000,0x0000009ad2500000)]
  0x000001d8a2747000 JavaThread "C2 CompilerThread0" daemon [_thread_in_native, id=17460, stack(0x0000009ad2500000,0x0000009ad2600000)]
  0x000001d8a2748000 JavaThread "C1 CompilerThread0" daemon [_thread_blocked, id=10360, stack(0x0000009ad2600000,0x0000009ad2700000)]
  0x000001d8a274a800 JavaThread "Sweeper thread" daemon [_thread_blocked, id=9792, stack(0x0000009ad2700000,0x0000009ad2800000)]
  0x000001d8a3fc5000 JavaThread "Common-Cleaner" daemon [_thread_blocked, id=10324, stack(0x0000009ad2800000,0x0000009ad2900000)]
  0x000001d8a40c4800 JavaThread "Notification Thread" daemon [_thread_blocked, id=16644, stack(0x0000009ad2900000,0x0000009ad2a00000)]
  0x000001d8a4537000 JavaThread "Equinox resolver thread - Equinox Container: f06c299d-60be-4320-8ea7-386c3af6e5a5" daemon [_thread_blocked, id=13628, stack(0x0000009ad2c00000,0x0000009ad2d00000)]
  0x000001d8a45b5800 JavaThread "Equinox resolver thread - Equinox Container: f06c299d-60be-4320-8ea7-386c3af6e5a5" daemon [_thread_blocked, id=11956, stack(0x0000009ad2d00000,0x0000009ad2e00000)]
  0x000001d8a45b6000 JavaThread "Equinox resolver thread - Equinox Container: f06c299d-60be-4320-8ea7-386c3af6e5a5" daemon [_thread_blocked, id=11376, stack(0x0000009ad2e00000,0x0000009ad2f00000)]
  0x000001d8a45b7000 JavaThread "Equinox resolver thread - Equinox Container: f06c299d-60be-4320-8ea7-386c3af6e5a5" daemon [_thread_blocked, id=3012, stack(0x0000009ad2f00000,0x0000009ad3000000)]
  0x000001d8a45c0800 JavaThread "Equinox resolver thread - Equinox Container: f06c299d-60be-4320-8ea7-386c3af6e5a5" daemon [_thread_blocked, id=16668, stack(0x0000009ad3000000,0x0000009ad3100000)]
  0x000001d8a45c3800 JavaThread "Equinox resolver thread - Equinox Container: f06c299d-60be-4320-8ea7-386c3af6e5a5" daemon [_thread_blocked, id=20160, stack(0x0000009ad3100000,0x0000009ad3200000)]
  0x000001d8a45e3800 JavaThread "Active Thread: Equinox Container: f06c299d-60be-4320-8ea7-386c3af6e5a5" [_thread_blocked, id=1624, stack(0x0000009ad3200000,0x0000009ad3300000)]
  0x000001d8a45f5000 JavaThread "Framework Event Dispatcher: Equinox Container: f06c299d-60be-4320-8ea7-386c3af6e5a5" daemon [_thread_blocked, id=7072, stack(0x0000009ad3600000,0x0000009ad3700000)]
  0x000001d8a47a5800 JavaThread "Start Level: Equinox Container: f06c299d-60be-4320-8ea7-386c3af6e5a5" daemon [_thread_blocked, id=4396, stack(0x0000009ad3700000,0x0000009ad3800000)]
  0x000001d8a47a1800 JavaThread "Refresh Thread: Equinox Container: f06c299d-60be-4320-8ea7-386c3af6e5a5" daemon [_thread_blocked, id=9100, stack(0x0000009ad3800000,0x0000009ad3900000)]
  0x000001d8a47a3000 JavaThread "SCR Component Actor" daemon [_thread_blocked, id=9712, stack(0x0000009ad3900000,0x0000009ad3a00000)]
  0x000001d8a47a5000 JavaThread "Timer-0" daemon [_thread_blocked, id=15316, stack(0x0000009ad3a00000,0x0000009ad3b00000)]
  0x000001d8a47a4000 JavaThread "Worker-JM" [_thread_blocked, id=20692, stack(0x0000009ad3b00000,0x0000009ad3c00000)]
  0x000001d8a47a7000 JavaThread "Worker-0" [_thread_blocked, id=2940, stack(0x0000009ad3c00000,0x0000009ad3d00000)]
  0x000001d8a47a6800 JavaThread "Worker-1: Loading available Gradle versions" [_thread_in_native, id=11380, stack(0x0000009ad3f00000,0x0000009ad4000000)]
=>0x000001d8a47a2800 JavaThread "Worker-2: Updating Maven Dependencies" [_thread_in_vm, id=9044, stack(0x0000009ad4000000,0x0000009ad4100000)]
  0x000001d8a47a8000 JavaThread "Java indexing" daemon [_thread_blocked, id=18752, stack(0x0000009ad2b00000,0x0000009ad2c00000)]
  0x000001d8a5ac9800 JavaThread "Bundle File Closer" daemon [_thread_blocked, id=11968, stack(0x0000009ad4100000,0x0000009ad4200000)]
  0x000001d8a5a3b800 JavaThread "C2 CompilerThread1" daemon [_thread_in_native, id=7464, stack(0x0000009ad4200000,0x0000009ad4300000)]
  0x000001d8a5ac6000 JavaThread "pool-1-thread-1" [_thread_in_native, id=3668, stack(0x0000009ad4300000,0x0000009ad4400000)]
  0x000001d8a5aca000 JavaThread "Worker-3" [_thread_blocked, id=4364, stack(0x0000009ad4500000,0x0000009ad4600000)]
  0x000001d8a5ac8800 JavaThread "Worker-4" [_thread_blocked, id=6512, stack(0x0000009ad4600000,0x0000009ad4700000)]
  0x000001d8a5acb000 JavaThread "HandshakeCompletedNotify-Thread" [_thread_blocked, id=6088, stack(0x0000009ad4700000,0x0000009ad4800000)]

Other Threads:
  0x000001d8a2731000 VMThread "VM Thread" [stack: 0x0000009ad1f00000,0x0000009ad2000000] [id=9880] _threads_hazard_ptr=0x000001d8a74ffac0
  0x000001d8a40c9800 WatcherThread [stack: 0x0000009ad2a00000,0x0000009ad2b00000] [id=18368]
  0x000001d8885ea800 GCTaskThread "GC Thread#0" [stack: 0x0000009ad1e00000,0x0000009ad1f00000] [id=15480]
  0x000001d8a45ec000 GCTaskThread "GC Thread#1" [stack: 0x0000009ad3300000,0x0000009ad3400000] [id=21332]
  0x000001d8a4597800 GCTaskThread "GC Thread#2" [stack: 0x0000009ad3400000,0x0000009ad3500000] [id=1356]
  0x000001d8a4598800 GCTaskThread "GC Thread#3" [stack: 0x0000009ad3500000,0x0000009ad3600000] [id=9592]
  0x000001d8a578a800 GCTaskThread "GC Thread#4" [stack: 0x0000009ad3d00000,0x0000009ad3e00000] [id=13420]
  0x000001d8a5485800 GCTaskThread "GC Thread#5" [stack: 0x0000009ad3e00000,0x0000009ad3f00000] [id=10552]

Threads with active compile tasks:
C2 CompilerThread1     6407 4525       4       org.apache.felix.resolver.ResolverImpl::mergeUses (495 bytes)

VM state:not at safepoint (normal execution)

VM Mutex/Monitor currently owned by a thread: None

Heap address: 0x00000000c0000000, size: 1024 MB, Compressed Oops mode: 32-bit
Narrow klass base: 0x0000000800000000, Narrow klass shift: 3
Compressed class space size: 1073741824 Address: 0x0000000800b30000

Heap:
 PSYoungGen      total 25600K, used 5530K [0x00000000eab00000, 0x00000000ec900000, 0x0000000100000000)
  eden space 21504K, 9% used [0x00000000eab00000,0x00000000eace4e08,0x00000000ec000000)
  from space 4096K, 87% used [0x00000000ec500000,0x00000000ec881ad0,0x00000000ec900000)
  to   space 4096K, 0% used [0x00000000ec100000,0x00000000ec100000,0x00000000ec500000)
 ParOldGen       total 68608K, used 16862K [0x00000000c0000000, 0x00000000c4300000, 0x00000000eab00000)
  object space 68608K, 24% used [0x00000000c0000000,0x00000000c1077af8,0x00000000c4300000)
 Metaspace       used 42533K, capacity 44690K, committed 44888K, reserved 1089536K
  class space    used 4652K, capacity 5483K, committed 5504K, reserved 1048576K

Card table byte_map: [0x000001d887f80000,0x000001d888190000] _byte_map_base: 0x000001d887980000

Marking Bits: (ParMarkBitMap*) 0x00007ffaa347a260
 Begin Bits: [0x000001d89fd70000, 0x000001d8a0d70000)
 End Bits:   [0x000001d8a0d70000, 0x000001d8a1d70000)

Polling page: 0x000001d8864a0000

Metaspace:

Usage:
  Non-class:     38.29 MB capacity,    36.99 MB ( 97%) used,     1.22 MB (  3%) free+waste,    73.31 KB ( <1%) overhead. 
      Class:      5.35 MB capacity,     4.54 MB ( 85%) used,   794.39 KB ( 14%) free+waste,    35.94 KB ( <1%) overhead. 
       Both:     43.64 MB capacity,    41.54 MB ( 95%) used,     2.00 MB (  5%) free+waste,   109.25 KB ( <1%) overhead. 

Virtual space:
  Non-class space:       40.00 MB reserved,      38.46 MB ( 96%) committed 
      Class space:        1.00 GB reserved,       5.38 MB ( <1%) committed 
             Both:        1.04 GB reserved,      43.84 MB (  4%) committed 

Chunk freelists:
   Non-Class:  49.00 KB
       Class:  21.00 KB
        Both:  70.00 KB

MaxMetaspaceSize: 17179869184.00 GB
CompressedClassSpaceSize: 1.00 GB

CodeHeap 'non-profiled nmethods': size=120000Kb used=2115Kb max_used=2313Kb free=117884Kb
 bounds [0x000001d898840000, 0x000001d898ab0000, 0x000001d89fd70000]
CodeHeap 'profiled nmethods': size=120000Kb used=8829Kb max_used=10585Kb free=111170Kb
 bounds [0x000001d891310000, 0x000001d891d70000, 0x000001d898840000]
CodeHeap 'non-nmethods': size=5760Kb used=1303Kb max_used=1353Kb free=4457Kb
 bounds [0x000001d890d70000, 0x000001d890fe0000, 0x000001d891310000]
 total_blobs=6693 nmethods=3964 adapters=511
 compilation: enabled
              stopped_count=0, restarted_count=0
 full_count=0

Compilation events (20 events):
Event: 6.331 Thread 0x000001d8a2748000 4625       3       java.math.MutableBigInteger::<init> (22 bytes)
Event: 6.332 Thread 0x000001d8a2748000 nmethod 4625 0x000001d891605f90 code [0x000001d891606120, 0x000001d891606378]
Event: 6.332 Thread 0x000001d8a2748000 4626       3       java.math.BigInteger::<init> (38 bytes)
Event: 6.332 Thread 0x000001d8a2748000 nmethod 4626 0x000001d891681690 code [0x000001d891681860, 0x000001d891681d68]
Event: 6.332 Thread 0x000001d8a2748000 4627       3       sun.security.util.math.intpoly.IntegerPolynomial25519::reduce (92 bytes)
Event: 6.332 Thread 0x000001d8a2748000 nmethod 4627 0x000001d89163ad90 code [0x000001d89163af40, 0x000001d89163b408]
Event: 6.335 Thread 0x000001d8a2748000 4628       3       java.io.File::<init> (111 bytes)
Event: 6.335 Thread 0x000001d8a2748000 nmethod 4628 0x000001d8914c9490 code [0x000001d8914c9740, 0x000001d8914ca118]
Event: 6.336 Thread 0x000001d8a2748000 4629       3       java.util.IdentityHashMap::<init> (11 bytes)
Event: 6.336 Thread 0x000001d8a2748000 nmethod 4629 0x000001d891760910 code [0x000001d891760ac0, 0x000001d891760db8]
Event: 6.336 Thread 0x000001d8a2748000 4630       3       java.lang.StackTraceElement::of (68 bytes)
Event: 6.336 Thread 0x000001d8a2748000 nmethod 4630 0x000001d89186bc10 code [0x000001d89186be00, 0x000001d89186c418]
Event: 6.336 Thread 0x000001d8a2748000 4632       3       com.google.inject.spi.InjectionPoint$InjectableMembers::isEmpty (13 bytes)
Event: 6.336 Thread 0x000001d8a2748000 nmethod 4632 0x000001d891add210 code [0x000001d891add3a0, 0x000001d891add518]
Event: 6.336 Thread 0x000001d8a2748000 4633       3       com.google.common.collect.SingletonImmutableSet::contains (9 bytes)
Event: 6.336 Thread 0x000001d8a2748000 nmethod 4633 0x000001d8919ac090 code [0x000001d8919ac240, 0x000001d8919ac428]
Event: 6.337 Thread 0x000001d8a2748000 4634       2       org.eclipse.osgi.internal.loader.BundleLoader::searchHooks (192 bytes)
Event: 6.338 Thread 0x000001d8a2748000 nmethod 4634 0x000001d8919e9690 code [0x000001d8919e98c0, 0x000001d8919e9d88]
Event: 6.340 Thread 0x000001d8a2748000 4635       3       java.util.Arrays::fill (21 bytes)
Event: 6.340 Thread 0x000001d8a2748000 nmethod 4635 0x000001d89159b890 code [0x000001d89159ba20, 0x000001d89159bbb8]

GC Heap History (20 events):
Event: 1.862 GC heap before
{Heap before GC invocations=3 (full 0):
 PSYoungGen      total 29696K, used 29688K [0x00000000eab00000, 0x00000000ecc00000, 0x0000000100000000)
  eden space 25600K, 100% used [0x00000000eab00000,0x00000000ec400000,0x00000000ec400000)
  from space 4096K, 99% used [0x00000000ec800000,0x00000000ecbfe170,0x00000000ecc00000)
  to   space 4096K, 0% used [0x00000000ec400000,0x00000000ec400000,0x00000000ec800000)
 ParOldGen       total 68608K, used 5206K [0x00000000c0000000, 0x00000000c4300000, 0x00000000eab00000)
  object space 68608K, 7% used [0x00000000c0000000,0x00000000c0515a80,0x00000000c4300000)
 Metaspace       used 14803K, capacity 15729K, committed 16000K, reserved 1062912K
  class space    used 1472K, capacity 1794K, committed 1920K, reserved 1048576K
}
Event: 1.868 GC heap after
{Heap after GC invocations=3 (full 0):
 PSYoungGen      total 29696K, used 4067K [0x00000000eab00000, 0x00000000ecc00000, 0x0000000100000000)
  eden space 25600K, 0% used [0x00000000eab00000,0x00000000eab00000,0x00000000ec400000)
  from space 4096K, 99% used [0x00000000ec400000,0x00000000ec7f8d48,0x00000000ec800000)
  to   space 4096K, 0% used [0x00000000ec800000,0x00000000ec800000,0x00000000ecc00000)
 ParOldGen       total 68608K, used 8842K [0x00000000c0000000, 0x00000000c4300000, 0x00000000eab00000)
  object space 68608K, 12% used [0x00000000c0000000,0x00000000c08a2af0,0x00000000c4300000)
 Metaspace       used 14803K, capacity 15729K, committed 16000K, reserved 1062912K
  class space    used 1472K, capacity 1794K, committed 1920K, reserved 1048576K
}
Event: 2.585 GC heap before
{Heap before GC invocations=4 (full 0):
 PSYoungGen      total 29696K, used 14663K [0x00000000eab00000, 0x00000000ecc00000, 0x0000000100000000)
  eden space 25600K, 41% used [0x00000000eab00000,0x00000000eb559160,0x00000000ec400000)
  from space 4096K, 99% used [0x00000000ec400000,0x00000000ec7f8d48,0x00000000ec800000)
  to   space 4096K, 0% used [0x00000000ec800000,0x00000000ec800000,0x00000000ecc00000)
 ParOldGen       total 68608K, used 8842K [0x00000000c0000000, 0x00000000c4300000, 0x00000000eab00000)
  object space 68608K, 12% used [0x00000000c0000000,0x00000000c08a2af0,0x00000000c4300000)
 Metaspace       used 20121K, capacity 21164K, committed 21248K, reserved 1069056K
  class space    used 1869K, capacity 2222K, committed 2304K, reserved 1048576K
}
Event: 2.588 GC heap after
{Heap after GC invocations=4 (full 0):
 PSYoungGen      total 29696K, used 4068K [0x00000000eab00000, 0x00000000ecc00000, 0x0000000100000000)
  eden space 25600K, 0% used [0x00000000eab00000,0x00000000eab00000,0x00000000ec400000)
  from space 4096K, 99% used [0x00000000ec800000,0x00000000ecbf9240,0x00000000ecc00000)
  to   space 4096K, 0% used [0x00000000ec400000,0x00000000ec400000,0x00000000ec800000)
 ParOldGen       total 68608K, used 9310K [0x00000000c0000000, 0x00000000c4300000, 0x00000000eab00000)
  object space 68608K, 13% used [0x00000000c0000000,0x00000000c0917998,0x00000000c4300000)
 Metaspace       used 20121K, capacity 21164K, committed 21248K, reserved 1069056K
  class space    used 1869K, capacity 2222K, committed 2304K, reserved 1048576K
}
Event: 2.588 GC heap before
{Heap before GC invocations=5 (full 1):
 PSYoungGen      total 29696K, used 4068K [0x00000000eab00000, 0x00000000ecc00000, 0x0000000100000000)
  eden space 25600K, 0% used [0x00000000eab00000,0x00000000eab00000,0x00000000ec400000)
  from space 4096K, 99% used [0x00000000ec800000,0x00000000ecbf9240,0x00000000ecc00000)
  to   space 4096K, 0% used [0x00000000ec400000,0x00000000ec400000,0x00000000ec800000)
 ParOldGen       total 68608K, used 9310K [0x00000000c0000000, 0x00000000c4300000, 0x00000000eab00000)
  object space 68608K, 13% used [0x00000000c0000000,0x00000000c0917998,0x00000000c4300000)
 Metaspace       used 20121K, capacity 21164K, committed 21248K, reserved 1069056K
  class space    used 1869K, capacity 2222K, committed 2304K, reserved 1048576K
}
Event: 2.603 GC heap after
{Heap after GC invocations=5 (full 1):
 PSYoungGen      total 29696K, used 0K [0x00000000eab00000, 0x00000000ecc00000, 0x0000000100000000)
  eden space 25600K, 0% used [0x00000000eab00000,0x00000000eab00000,0x00000000ec400000)
  from space 4096K, 0% used [0x00000000ec800000,0x00000000ec800000,0x00000000ecc00000)
  to   space 4096K, 0% used [0x00000000ec400000,0x00000000ec400000,0x00000000ec800000)
 ParOldGen       total 68608K, used 9724K [0x00000000c0000000, 0x00000000c4300000, 0x00000000eab00000)
  object space 68608K, 14% used [0x00000000c0000000,0x00000000c097f1c8,0x00000000c4300000)
 Metaspace       used 20121K, capacity 21164K, committed 21248K, reserved 1069056K
  class space    used 1869K, capacity 2222K, committed 2304K, reserved 1048576K
}
Event: 4.183 GC heap before
{Heap before GC invocations=6 (full 1):
 PSYoungGen      total 29696K, used 25600K [0x00000000eab00000, 0x00000000ecc00000, 0x0000000100000000)
  eden space 25600K, 100% used [0x00000000eab00000,0x00000000ec400000,0x00000000ec400000)
  from space 4096K, 0% used [0x00000000ec800000,0x00000000ec800000,0x00000000ecc00000)
  to   space 4096K, 0% used [0x00000000ec400000,0x00000000ec400000,0x00000000ec800000)
 ParOldGen       total 68608K, used 9724K [0x00000000c0000000, 0x00000000c4300000, 0x00000000eab00000)
  object space 68608K, 14% used [0x00000000c0000000,0x00000000c097f1c8,0x00000000c4300000)
 Metaspace       used 24976K, capacity 26286K, committed 26624K, reserved 1073152K
  class space    used 2487K, capacity 2981K, committed 3072K, reserved 1048576K
}
Event: 4.185 GC heap after
{Heap after GC invocations=6 (full 1):
 PSYoungGen      total 28160K, used 2692K [0x00000000eab00000, 0x00000000ecb80000, 0x0000000100000000)
  eden space 25088K, 0% used [0x00000000eab00000,0x00000000eab00000,0x00000000ec380000)
  from space 3072K, 87% used [0x00000000ec400000,0x00000000ec6a1398,0x00000000ec700000)
  to   space 4096K, 0% used [0x00000000ec780000,0x00000000ec780000,0x00000000ecb80000)
 ParOldGen       total 68608K, used 9732K [0x00000000c0000000, 0x00000000c4300000, 0x00000000eab00000)
  object space 68608K, 14% used [0x00000000c0000000,0x00000000c09811c8,0x00000000c4300000)
 Metaspace       used 24976K, capacity 26286K, committed 26624K, reserved 1073152K
  class space    used 2487K, capacity 2981K, committed 3072K, reserved 1048576K
}
Event: 4.526 GC heap before
{Heap before GC invocations=7 (full 1):
 PSYoungGen      total 28160K, used 27780K [0x00000000eab00000, 0x00000000ecb80000, 0x0000000100000000)
  eden space 25088K, 100% used [0x00000000eab00000,0x00000000ec380000,0x00000000ec380000)
  from space 3072K, 87% used [0x00000000ec400000,0x00000000ec6a1398,0x00000000ec700000)
  to   space 4096K, 0% used [0x00000000ec780000,0x00000000ec780000,0x00000000ecb80000)
 ParOldGen       total 68608K, used 9732K [0x00000000c0000000, 0x00000000c4300000, 0x00000000eab00000)
  object space 68608K, 14% used [0x00000000c0000000,0x00000000c09811c8,0x00000000c4300000)
 Metaspace       used 29286K, capacity 30742K, committed 30848K, reserved 1077248K
  class space    used 3055K, capacity 3608K, committed 3712K, reserved 1048576K
}
Event: 4.528 GC heap after
{Heap after GC invocations=7 (full 1):
 PSYoungGen      total 28672K, used 3652K [0x00000000eab00000, 0x00000000ecb80000, 0x0000000100000000)
  eden space 24576K, 0% used [0x00000000eab00000,0x00000000eab00000,0x00000000ec300000)
  from space 4096K, 89% used [0x00000000ec780000,0x00000000ecb11280,0x00000000ecb80000)
  to   space 4096K, 0% used [0x00000000ec380000,0x00000000ec380000,0x00000000ec780000)
 ParOldGen       total 68608K, used 9740K [0x00000000c0000000, 0x00000000c4300000, 0x00000000eab00000)
  object space 68608K, 14% used [0x00000000c0000000,0x00000000c09831c8,0x00000000c4300000)
 Metaspace       used 29286K, capacity 30742K, committed 30848K, reserved 1077248K
  class space    used 3055K, capacity 3608K, committed 3712K, reserved 1048576K
}
Event: 5.133 GC heap before
{Heap before GC invocations=8 (full 1):
 PSYoungGen      total 28672K, used 28228K [0x00000000eab00000, 0x00000000ecb80000, 0x0000000100000000)
  eden space 24576K, 100% used [0x00000000eab00000,0x00000000ec300000,0x00000000ec300000)
  from space 4096K, 89% used [0x00000000ec780000,0x00000000ecb11280,0x00000000ecb80000)
  to   space 4096K, 0% used [0x00000000ec380000,0x00000000ec380000,0x00000000ec780000)
 ParOldGen       total 68608K, used 9740K [0x00000000c0000000, 0x00000000c4300000, 0x00000000eab00000)
  object space 68608K, 14% used [0x00000000c0000000,0x00000000c09831c8,0x00000000c4300000)
 Metaspace       used 31197K, capacity 32794K, committed 32896K, reserved 1079296K
  class space    used 3277K, capacity 3888K, committed 3968K, reserved 1048576K
}
Event: 5.136 GC heap after
{Heap after GC invocations=8 (full 1):
 PSYoungGen      total 28160K, used 4087K [0x00000000eab00000, 0x00000000ecd80000, 0x0000000100000000)
  eden space 24064K, 0% used [0x00000000eab00000,0x00000000eab00000,0x00000000ec280000)
  from space 4096K, 99% used [0x00000000ec380000,0x00000000ec77dcc8,0x00000000ec780000)
  to   space 5632K, 0% used [0x00000000ec800000,0x00000000ec800000,0x00000000ecd80000)
 ParOldGen       total 68608K, used 10888K [0x00000000c0000000, 0x00000000c4300000, 0x00000000eab00000)
  object space 68608K, 15% used [0x00000000c0000000,0x00000000c0aa2218,0x00000000c4300000)
 Metaspace       used 31197K, capacity 32794K, committed 32896K, reserved 1079296K
  class space    used 3277K, capacity 3888K, committed 3968K, reserved 1048576K
}
Event: 5.348 GC heap before
{Heap before GC invocations=9 (full 1):
 PSYoungGen      total 28160K, used 21128K [0x00000000eab00000, 0x00000000ecd80000, 0x0000000100000000)
  eden space 24064K, 70% used [0x00000000eab00000,0x00000000ebba45c8,0x00000000ec280000)
  from space 4096K, 99% used [0x00000000ec380000,0x00000000ec77dcc8,0x00000000ec780000)
  to   space 5632K, 0% used [0x00000000ec800000,0x00000000ec800000,0x00000000ecd80000)
 ParOldGen       total 68608K, used 10888K [0x00000000c0000000, 0x00000000c4300000, 0x00000000eab00000)
  object space 68608K, 15% used [0x00000000c0000000,0x00000000c0aa2218,0x00000000c4300000)
 Metaspace       used 33645K, capacity 35340K, committed 35416K, reserved 1081344K
  class space    used 3560K, capacity 4213K, committed 4224K, reserved 1048576K
}
Event: 5.352 GC heap after
{Heap after GC invocations=9 (full 1):
 PSYoungGen      total 27136K, used 5630K [0x00000000eab00000, 0x00000000ed280000, 0x0000000100000000)
  eden space 21504K, 0% used [0x00000000eab00000,0x00000000eab00000,0x00000000ec000000)
  from space 5632K, 99% used [0x00000000ec800000,0x00000000ecd7fbf0,0x00000000ecd80000)
  to   space 8192K, 0% used [0x00000000ec000000,0x00000000ec000000,0x00000000ec800000)
 ParOldGen       total 68608K, used 12853K [0x00000000c0000000, 0x00000000c4300000, 0x00000000eab00000)
  object space 68608K, 18% used [0x00000000c0000000,0x00000000c0c8d448,0x00000000c4300000)
 Metaspace       used 33645K, capacity 35340K, committed 35416K, reserved 1081344K
  class space    used 3560K, capacity 4213K, committed 4224K, reserved 1048576K
}
Event: 5.352 GC heap before
{Heap before GC invocations=10 (full 2):
 PSYoungGen      total 27136K, used 5630K [0x00000000eab00000, 0x00000000ed280000, 0x0000000100000000)
  eden space 21504K, 0% used [0x00000000eab00000,0x00000000eab00000,0x00000000ec000000)
  from space 5632K, 99% used [0x00000000ec800000,0x00000000ecd7fbf0,0x00000000ecd80000)
  to   space 8192K, 0% used [0x00000000ec000000,0x00000000ec000000,0x00000000ec800000)
 ParOldGen       total 68608K, used 12853K [0x00000000c0000000, 0x00000000c4300000, 0x00000000eab00000)
  object space 68608K, 18% used [0x00000000c0000000,0x00000000c0c8d448,0x00000000c4300000)
 Metaspace       used 33645K, capacity 35340K, committed 35416K, reserved 1081344K
  class space    used 3560K, capacity 4213K, committed 4224K, reserved 1048576K
}
Event: 5.375 GC heap after
{Heap after GC invocations=10 (full 2):
 PSYoungGen      total 27136K, used 0K [0x00000000eab00000, 0x00000000ed280000, 0x0000000100000000)
  eden space 21504K, 0% used [0x00000000eab00000,0x00000000eab00000,0x00000000ec000000)
  from space 5632K, 0% used [0x00000000ec800000,0x00000000ec800000,0x00000000ecd80000)
  to   space 8192K, 0% used [0x00000000ec000000,0x00000000ec000000,0x00000000ec800000)
 ParOldGen       total 68608K, used 16846K [0x00000000c0000000, 0x00000000c4300000, 0x00000000eab00000)
  object space 68608K, 24% used [0x00000000c0000000,0x00000000c1073af8,0x00000000c4300000)
 Metaspace       used 33645K, capacity 35340K, committed 35416K, reserved 1081344K
  class space    used 3560K, capacity 4213K, committed 4224K, reserved 1048576K
}
Event: 6.099 GC heap before
{Heap before GC invocations=11 (full 2):
 PSYoungGen      total 27136K, used 21499K [0x00000000eab00000, 0x00000000ed280000, 0x0000000100000000)
  eden space 21504K, 99% used [0x00000000eab00000,0x00000000ebffef48,0x00000000ec000000)
  from space 5632K, 0% used [0x00000000ec800000,0x00000000ec800000,0x00000000ecd80000)
  to   space 8192K, 0% used [0x00000000ec000000,0x00000000ec000000,0x00000000ec800000)
 ParOldGen       total 68608K, used 16846K [0x00000000c0000000, 0x00000000c4300000, 0x00000000eab00000)
  object space 68608K, 24% used [0x00000000c0000000,0x00000000c1073af8,0x00000000c4300000)
 Metaspace       used 40365K, capacity 42560K, committed 42840K, reserved 1087488K
  class space    used 4360K, capacity 5179K, committed 5248K, reserved 1048576K
}
Event: 6.101 GC heap after
{Heap after GC invocations=11 (full 2):
 PSYoungGen      total 24576K, used 2902K [0x00000000eab00000, 0x00000000eca00000, 0x0000000100000000)
  eden space 21504K, 0% used [0x00000000eab00000,0x00000000eab00000,0x00000000ec000000)
  from space 3072K, 94% used [0x00000000ec000000,0x00000000ec2d58c8,0x00000000ec300000)
  to   space 5120K, 0% used [0x00000000ec500000,0x00000000ec500000,0x00000000eca00000)
 ParOldGen       total 68608K, used 16854K [0x00000000c0000000, 0x00000000c4300000, 0x00000000eab00000)
  object space 68608K, 24% used [0x00000000c0000000,0x00000000c1075af8,0x00000000c4300000)
 Metaspace       used 40365K, capacity 42560K, committed 42840K, reserved 1087488K
  class space    used 4360K, capacity 5179K, committed 5248K, reserved 1048576K
}
Event: 6.321 GC heap before
{Heap before GC invocations=12 (full 2):
 PSYoungGen      total 24576K, used 24406K [0x00000000eab00000, 0x00000000eca00000, 0x0000000100000000)
  eden space 21504K, 100% used [0x00000000eab00000,0x00000000ec000000,0x00000000ec000000)
  from space 3072K, 94% used [0x00000000ec000000,0x00000000ec2d58c8,0x00000000ec300000)
  to   space 5120K, 0% used [0x00000000ec500000,0x00000000ec500000,0x00000000eca00000)
 ParOldGen       total 68608K, used 16854K [0x00000000c0000000, 0x00000000c4300000, 0x00000000eab00000)
  object space 68608K, 24% used [0x00000000c0000000,0x00000000c1075af8,0x00000000c4300000)
 Metaspace       used 42028K, capacity 44245K, committed 44376K, reserved 1087488K
  class space    used 4577K, capacity 5377K, committed 5504K, reserved 1048576K
}
Event: 6.323 GC heap after
{Heap after GC invocations=12 (full 2):
 PSYoungGen      total 25600K, used 3590K [0x00000000eab00000, 0x00000000ec900000, 0x0000000100000000)
  eden space 21504K, 0% used [0x00000000eab00000,0x00000000eab00000,0x00000000ec000000)
  from space 4096K, 87% used [0x00000000ec500000,0x00000000ec881ad0,0x00000000ec900000)
  to   space 4096K, 0% used [0x00000000ec100000,0x00000000ec100000,0x00000000ec500000)
 ParOldGen       total 68608K, used 16862K [0x00000000c0000000, 0x00000000c4300000, 0x00000000eab00000)
  object space 68608K, 24% used [0x00000000c0000000,0x00000000c1077af8,0x00000000c4300000)
 Metaspace       used 42028K, capacity 44245K, committed 44376K, reserved 1087488K
  class space    used 4577K, capacity 5377K, committed 5504K, reserved 1048576K
}

Deoptimization events (20 events):
Event: 6.319 Thread 0x000001d8a47a6800 Uncommon trap: trap_request=0xffffff45 fr.pc=0x000001d89899e33c relative=0x000000000000299c
Event: 6.319 Thread 0x000001d8a47a6800 Uncommon trap: reason=unstable_if action=reinterpret pc=0x000001d89899e33c method=sun.nio.cs.StreamDecoder.implRead([CII)I @ 130 c2
Event: 6.319 Thread 0x000001d8a47a6800 DEOPT PACKING pc=0x000001d89899e33c sp=0x0000009ad3ffda30
Event: 6.319 Thread 0x000001d8a47a6800 DEOPT UNPACKING pc=0x000001d890db912f sp=0x0000009ad3ffd9a0 mode 2
Event: 6.327 Thread 0x000001d8a47a2800 Uncommon trap: trap_request=0xffffffbe fr.pc=0x000001d898a205f4 relative=0x0000000000001b74
Event: 6.327 Thread 0x000001d8a47a2800 Uncommon trap: reason=profile_predicate action=maybe_recompile pc=0x000001d898a205f4 method=org.eclipse.osgi.internal.loader.BundleLoader.searchHooks(Ljava/lang/String;I)Ljava/lang/Object; @ 186 c2
Event: 6.327 Thread 0x000001d8a47a2800 DEOPT PACKING pc=0x000001d898a205f4 sp=0x0000009ad40fdfc0
Event: 6.327 Thread 0x000001d8a47a2800 DEOPT UNPACKING pc=0x000001d890db912f sp=0x0000009ad40fe010 mode 2
Event: 6.331 Thread 0x000001d8a47a2800 Uncommon trap: trap_request=0xffffffde fr.pc=0x000001d8989da228 relative=0x0000000000000308
Event: 6.331 Thread 0x000001d8a47a2800 Uncommon trap: reason=class_check action=maybe_recompile pc=0x000001d8989da228 method=java.lang.reflect.Field.getAnnotation(Ljava/lang/Class;)Ljava/lang/annotation/Annotation; @ 19 c2
Event: 6.331 Thread 0x000001d8a47a2800 DEOPT PACKING pc=0x000001d8989da228 sp=0x0000009ad40fe670
Event: 6.331 Thread 0x000001d8a47a2800 DEOPT UNPACKING pc=0x000001d890db912f sp=0x0000009ad40fe620 mode 2
Event: 6.331 Thread 0x000001d8a47a2800 Uncommon trap: trap_request=0xffffffde fr.pc=0x000001d8989da228 relative=0x0000000000000308
Event: 6.331 Thread 0x000001d8a47a2800 Uncommon trap: reason=class_check action=maybe_recompile pc=0x000001d8989da228 method=java.lang.reflect.Field.getAnnotation(Ljava/lang/Class;)Ljava/lang/annotation/Annotation; @ 19 c2
Event: 6.331 Thread 0x000001d8a47a2800 DEOPT PACKING pc=0x000001d8989da228 sp=0x0000009ad40fe670
Event: 6.331 Thread 0x000001d8a47a2800 DEOPT UNPACKING pc=0x000001d890db912f sp=0x0000009ad40fe620 mode 2
Event: 6.331 Thread 0x000001d8a47a2800 Uncommon trap: trap_request=0xffffffde fr.pc=0x000001d8989da228 relative=0x0000000000000308
Event: 6.331 Thread 0x000001d8a47a2800 Uncommon trap: reason=class_check action=maybe_recompile pc=0x000001d8989da228 method=java.lang.reflect.Field.getAnnotation(Ljava/lang/Class;)Ljava/lang/annotation/Annotation; @ 19 c2
Event: 6.331 Thread 0x000001d8a47a2800 DEOPT PACKING pc=0x000001d8989da228 sp=0x0000009ad40fe670
Event: 6.331 Thread 0x000001d8a47a2800 DEOPT UNPACKING pc=0x000001d890db912f sp=0x0000009ad40fe620 mode 2

Classes unloaded (0 events):
No events

Classes redefined (0 events):
No events

Internal exceptions (20 events):
Event: 1.744 Thread 0x000001d8a47a5800 Exception <a 'java/io/FileNotFoundException'{0x00000000ec05b108}> (0x00000000ec05b108) 
thrown [./open/src/hotspot/share/prims/jni.cpp, line 599]
Event: 1.842 Thread 0x000001d8a47a5800 Exception <a 'java/lang/NoSuchMethodError'{0x00000000ec34e158}: 'int java.lang.invoke.DirectMethodHandle$Holder.invokeStaticInit(java.lang.Object, java.lang.Object, java.lang.Object)'> (0x00000000ec34e158) 
thrown [./open/src/hotspot/share/interpreter/linkResolver.cpp, line 766]
Event: 2.639 Thread 0x000001d8a47a5800 Exception <a 'java/lang/ClassNotFoundException'{0x00000000eb407450}: com/sun/org/apache/xerces/internal/impl/msg/spi/DOMMessagesProvider> (0x00000000eb407450) 
thrown [./open/src/hotspot/share/classfile/systemDictionary.cpp, line 226]
Event: 2.641 Thread 0x000001d8a47a5800 Exception <a 'java/lang/ClassNotFoundException'{0x00000000eb41b838}: com/sun/org/apache/xerces/internal/impl/msg/spi/XMLSerializerMessagesProvider> (0x00000000eb41b838) 
thrown [./open/src/hotspot/share/classfile/systemDictionary.cpp, line 226]
Event: 2.641 Thread 0x000001d8a47a5800 Exception <a 'java/lang/ClassNotFoundException'{0x00000000eb427058}: com/sun/org/apache/xerces/internal/impl/msg/spi/XMLMessagesProvider> (0x00000000eb427058) 
thrown [./open/src/hotspot/share/classfile/systemDictionary.cpp, line 226]
Event: 2.687 Thread 0x000001d8a47a5800 Exception <a 'sun/nio/fs/WindowsException'{0x00000000eb54ac88}> (0x00000000eb54ac88) 
thrown [./open/src/hotspot/share/prims/jni.cpp, line 599]
Event: 2.894 Thread 0x000001d8a47a5800 Exception <a 'java/lang/ClassNotFoundException'{0x00000000eb63e390}: com/sun/org/apache/xml/internal/serializer/spi/XMLEntitiesProvider> (0x00000000eb63e390) 
thrown [./open/src/hotspot/share/classfile/systemDictionary.cpp, line 226]
Event: 2.937 Thread 0x000001d8a47a5800 Exception <a 'java/io/FileNotFoundException'{0x00000000eb80f848}> (0x00000000eb80f848) 
thrown [./open/src/hotspot/share/prims/jni.cpp, line 599]
Event: 4.024 Thread 0x000001d8a47a5800 Exception <a 'java/lang/NoClassDefFoundError'{0x00000000ebb52bf0}: org/slf4j/impl/StaticLoggerBinder> (0x00000000ebb52bf0) 
thrown [./open/src/hotspot/share/classfile/systemDictionary.cpp, line 215]
Event: 5.173 Thread 0x000001d8a47a5800 Exception <a 'java/lang/NoClassDefFoundError'{0x00000000eb205230}: com/google/inject/servlet/ServletModuleTargetVisitor> (0x00000000eb205230) 
thrown [./open/src/hotspot/share/classfile/systemDictionary.cpp, line 215]
Event: 5.173 Thread 0x000001d8a47a5800 Exception <a 'java/lang/NoClassDefFoundError'{0x00000000eb209bc8}: javax/annotation/Priority> (0x00000000eb209bc8) 
thrown [./open/src/hotspot/share/classfile/systemDictionary.cpp, line 215]
Event: 5.304 Thread 0x000001d8a47a5800 Exception <a 'java/lang/NoSuchMethodError'{0x00000000eb949018}: 'void java.lang.invoke.DirectMethodHandle$Holder.invokeSpecial(java.lang.Object, java.lang.Object, java.lang.Object, int)'> (0x00000000eb949018) 
thrown [./open/src/hotspot/share/interpreter/linkResolver.cpp, line 766]
Event: 5.572 Thread 0x000001d8885d2800 Exception <a 'java/lang/NoSuchMethodError'{0x00000000ead6d348}: 'void java.lang.invoke.DirectMethodHandle$Holder.invokeStatic(java.lang.Object, java.lang.Object, java.lang.Object, java.lang.Object)'> (0x00000000ead6d348) 
thrown [./open/src/hotspot/share/interpreter/linkResolver.cpp, line 766]
Event: 5.691 Thread 0x000001d8885d2800 Exception <a 'java/lang/NoSuchMethodError'{0x00000000eb241830}: 'void java.lang.invoke.DirectMethodHandle$Holder.invokeStaticInit(java.lang.Object, java.lang.Object, java.lang.Object)'> (0x00000000eb241830) 
thrown [./open/src/hotspot/share/interpreter/linkResolver.cpp, line 766]
Event: 5.797 Thread 0x000001d8a5ac6000 Exception <a 'java/io/FileNotFoundException'{0x00000000eb3c64a0}> (0x00000000eb3c64a0) 
thrown [./open/src/hotspot/share/prims/jni.cpp, line 599]
Event: 5.833 Thread 0x000001d8a5ac6000 Exception <a 'java/io/FileNotFoundException'{0x00000000eb40d580}> (0x00000000eb40d580) 
thrown [./open/src/hotspot/share/prims/jni.cpp, line 599]
Event: 5.837 Thread 0x000001d8a5ac6000 Exception <a 'java/io/FileNotFoundException'{0x00000000eb436e20}> (0x00000000eb436e20) 
thrown [./open/src/hotspot/share/prims/jni.cpp, line 599]
Event: 5.858 Thread 0x000001d8a5ac6000 Implicit null exception at 0x000001d898950bef to 0x000001d898951cec
Event: 5.870 Thread 0x000001d8a5ac6000 Exception <a 'java/io/FileNotFoundException'{0x00000000eb57a0a0}> (0x00000000eb57a0a0) 
thrown [./open/src/hotspot/share/prims/jni.cpp, line 599]
Event: 5.948 Thread 0x000001d8a47a6800 Exception <a 'sun/nio/fs/WindowsException'{0x00000000eb727850}> (0x00000000eb727850) 
thrown [./open/src/hotspot/share/prims/jni.cpp, line 599]

Events (20 events):
Event: 6.338 loading class sun/security/ssl/ChangeCipherSpec$T10ChangeCipherSpecProducer
Event: 6.338 loading class sun/security/ssl/ChangeCipherSpec$T10ChangeCipherSpecProducer done
Event: 6.338 loading class sun/security/ssl/ChangeCipherSpec$T13ChangeCipherSpecConsumer
Event: 6.338 loading class sun/security/ssl/ChangeCipherSpec$T13ChangeCipherSpecConsumer done
Event: 6.338 loading class sun/security/ssl/Authenticator$TLS10Authenticator
Event: 6.338 loading class sun/security/ssl/Authenticator$TLS10Authenticator done
Event: 6.338 loading class sun/security/ssl/SSLCipher$T12GcmWriteCipherGenerator$GcmWriteCipher
Event: 6.339 loading class sun/security/ssl/SSLCipher$T12GcmWriteCipherGenerator$GcmWriteCipher done
Event: 6.339 loading class javax/crypto/NullCipher
Event: 6.339 loading class javax/crypto/NullCipher done
Event: 6.339 loading class javax/crypto/spec/GCMParameterSpec
Event: 6.339 loading class javax/crypto/spec/GCMParameterSpec done
Event: 6.339 loading class com/sun/crypto/provider/GCTR
Event: 6.339 loading class com/sun/crypto/provider/CounterMode
Event: 6.339 loading class com/sun/crypto/provider/CounterMode done
Event: 6.339 loading class com/sun/crypto/provider/GCTR done
Event: 6.339 loading class com/sun/crypto/provider/GHASH
Event: 6.339 loading class com/sun/crypto/provider/GHASH done
Event: 6.339 loading class sun/security/util/ArrayUtil
Event: 6.340 loading class sun/security/util/ArrayUtil done


Dynamic libraries:
0x00007ff77f730000 - 0x00007ff77f73f000 	C:\Program Files\Java\jdk-14.0.1\bin\java.exe
0x00007ffafa140000 - 0x00007ffafa330000 	C:\WINDOWS\SYSTEM32\ntdll.dll
0x00007ffaf8740000 - 0x00007ffaf87f2000 	C:\WINDOWS\System32\KERNEL32.DLL
0x00007ffaf70d0000 - 0x00007ffaf7375000 	C:\WINDOWS\System32\KERNELBASE.dll
0x00007ffaf7f20000 - 0x00007ffaf801a000 	C:\WINDOWS\System32\ucrtbase.dll
0x00007ffaed460000 - 0x00007ffaed478000 	C:\Program Files\Java\jdk-14.0.1\bin\jli.dll
0x00007ffaf9f20000 - 0x00007ffaf9fc3000 	C:\WINDOWS\System32\ADVAPI32.dll
0x00007ffaec8c0000 - 0x00007ffaec8d5000 	C:\Program Files\Java\jdk-14.0.1\bin\VCRUNTIME140.dll
0x00007ffaf86a0000 - 0x00007ffaf873e000 	C:\WINDOWS\System32\msvcrt.dll
0x00007ffaf8400000 - 0x00007ffaf8497000 	C:\WINDOWS\System32\sechost.dll
0x00007ffaf8800000 - 0x00007ffaf8920000 	C:\WINDOWS\System32\RPCRT4.dll
0x00007ffaf9910000 - 0x00007ffaf9aa5000 	C:\WINDOWS\System32\USER32.dll
0x00007ffaf81c0000 - 0x00007ffaf81e1000 	C:\WINDOWS\System32\win32u.dll
0x00007ffaf9370000 - 0x00007ffaf9396000 	C:\WINDOWS\System32\GDI32.dll
0x00007ffaf8020000 - 0x00007ffaf81b6000 	C:\WINDOWS\System32\gdi32full.dll
0x00007ffadf9c0000 - 0x00007ffadfc44000 	C:\WINDOWS\WinSxS\amd64_microsoft.windows.common-controls_6595b64144ccf1df_6.0.18362.1082_none_9e8193e1e45b25c1\COMCTL32.dll
0x00007ffaf9500000 - 0x00007ffaf9835000 	C:\WINDOWS\System32\combase.dll
0x00007ffaf7d50000 - 0x00007ffaf7dd0000 	C:\WINDOWS\System32\bcryptPrimitives.dll
0x00007ffaf7e80000 - 0x00007ffaf7f1e000 	C:\WINDOWS\System32\msvcp_win.dll
0x00007ffaeeae0000 - 0x00007ffaeeaea000 	C:\WINDOWS\SYSTEM32\VERSION.dll
0x00007ffaf84a0000 - 0x00007ffaf84ce000 	C:\WINDOWS\System32\IMM32.DLL
0x00007ffad5c20000 - 0x00007ffad5cbb000 	C:\Program Files\Java\jdk-14.0.1\bin\msvcp140.dll
0x00007ffaa2a20000 - 0x00007ffaa353e000 	C:\Program Files\Java\jdk-14.0.1\bin\server\jvm.dll
0x00007ffaf84d0000 - 0x00007ffaf84d8000 	C:\WINDOWS\System32\PSAPI.DLL
0x00007ffaf2a80000 - 0x00007ffaf2aa4000 	C:\WINDOWS\SYSTEM32\WINMM.dll
0x00007ffaf2a50000 - 0x00007ffaf2a7d000 	C:\WINDOWS\SYSTEM32\WINMMBASE.dll
0x00007ffae4650000 - 0x00007ffae4659000 	C:\WINDOWS\SYSTEM32\WSOCK32.dll
0x00007ffaf74d0000 - 0x00007ffaf751a000 	C:\WINDOWS\System32\cfgmgr32.dll
0x00007ffaf9300000 - 0x00007ffaf936f000 	C:\WINDOWS\System32\WS2_32.dll
0x00007ffaf7030000 - 0x00007ffaf7041000 	C:\WINDOWS\System32\kernel.appcore.dll
0x00007ffaeed40000 - 0x00007ffaeed4a000 	C:\Program Files\Java\jdk-14.0.1\bin\jimage.dll
0x00007ffaf5740000 - 0x00007ffaf5934000 	C:\WINDOWS\SYSTEM32\DBGHELP.DLL
0x00007ffaebe10000 - 0x00007ffaebe3a000 	C:\WINDOWS\SYSTEM32\dbgcore.DLL
0x00007ffad7a90000 - 0x00007ffad7ab5000 	C:\Program Files\Java\jdk-14.0.1\bin\java.dll
0x00007ffae6f50000 - 0x00007ffae6f66000 	C:\Program Files\Java\jdk-14.0.1\bin\zip.dll
0x00007ffaf8c10000 - 0x00007ffaf92f7000 	C:\WINDOWS\System32\SHELL32.dll
0x00007ffaf9840000 - 0x00007ffaf98e9000 	C:\WINDOWS\System32\shcore.dll
0x00007ffaf7520000 - 0x00007ffaf7ca0000 	C:\WINDOWS\System32\windows.storage.dll
0x00007ffaf70a0000 - 0x00007ffaf70c3000 	C:\WINDOWS\System32\profapi.dll
0x00007ffaf7050000 - 0x00007ffaf709a000 	C:\WINDOWS\System32\powrprof.dll
0x00007ffaf7000000 - 0x00007ffaf7010000 	C:\WINDOWS\System32\UMPDC.dll
0x00007ffaf85b0000 - 0x00007ffaf8602000 	C:\WINDOWS\System32\shlwapi.dll
0x00007ffaf7dd0000 - 0x00007ffaf7de7000 	C:\WINDOWS\System32\cryptsp.dll
0x00007ffae28b0000 - 0x00007ffae28c9000 	C:\Program Files\Java\jdk-14.0.1\bin\net.dll
0x00007ffaef050000 - 0x00007ffaef140000 	C:\WINDOWS\SYSTEM32\WINHTTP.dll
0x00007ffaf6850000 - 0x00007ffaf68b7000 	C:\WINDOWS\system32\mswsock.dll
0x00007ffad9550000 - 0x00007ffad9562000 	C:\Program Files\Java\jdk-14.0.1\bin\nio.dll
0x00007ffaf63c0000 - 0x00007ffaf63f3000 	C:\WINDOWS\system32\rsaenh.dll
0x00007ffaf7e50000 - 0x00007ffaf7e76000 	C:\WINDOWS\System32\bcrypt.dll
0x00007ffaf6ee0000 - 0x00007ffaf6f05000 	C:\WINDOWS\SYSTEM32\USERENV.dll
0x00007ffaf6a20000 - 0x00007ffaf6a2c000 	C:\WINDOWS\SYSTEM32\CRYPTBASE.dll
0x00007ffaf6560000 - 0x00007ffaf659a000 	C:\WINDOWS\SYSTEM32\IPHLPAPI.DLL
0x00007ffaf8610000 - 0x00007ffaf8618000 	C:\WINDOWS\System32\NSI.dll
0x00007ffaeef50000 - 0x00007ffaeef66000 	C:\WINDOWS\SYSTEM32\dhcpcsvc6.DLL
0x00007ffaef440000 - 0x00007ffaef45c000 	C:\WINDOWS\SYSTEM32\dhcpcsvc.DLL
0x00007ffaf65a0000 - 0x00007ffaf666b000 	C:\WINDOWS\SYSTEM32\DNSAPI.dll
0x00007ffad79c0000 - 0x00007ffad79ea000 	C:\Users\cosme\AppData\Roaming\Code\User\globalStorage\redhat.java\0.68.0\config_win\org.eclipse.equinox.launcher\org.eclipse.equinox.launcher.win32.win32.x86_64_1.1.1300.v20200819-0940\eclipse_11100.dll
0x00007ffaee4d0000 - 0x00007ffaee4e0000 	C:\Program Files\Java\jdk-14.0.1\bin\verify.dll
0x00007ffad9500000 - 0x00007ffad9511000 	C:\Users\cosme\AppData\Roaming\Code\User\globalStorage\redhat.java\0.68.0\config_win\org.eclipse.osgi\21\0\.cp\jWinHttp-1.0.0.dll
0x00007ffaf93a0000 - 0x00007ffaf94f7000 	C:\WINDOWS\System32\ole32.dll
0x00007ffad5730000 - 0x00007ffad5755000 	C:\Program Files\Java\jdk-14.0.1\bin\sunec.dll
0x00007ffaed840000 - 0x00007ffaed84e000 	C:\Program Files\Java\jdk-14.0.1\bin\sunmscapi.dll
0x00007ffaf7380000 - 0x00007ffaf74c9000 	C:\WINDOWS\System32\CRYPT32.dll
0x00007ffaf7010000 - 0x00007ffaf7022000 	C:\WINDOWS\System32\MSASN1.dll
0x00007ffaf6b20000 - 0x00007ffaf6b46000 	C:\WINDOWS\SYSTEM32\ncrypt.dll
0x00007ffaf6ae0000 - 0x00007ffaf6b1b000 	C:\WINDOWS\SYSTEM32\NTASN1.dll
0x00007ffaf0810000 - 0x00007ffaf081a000 	C:\Windows\System32\rasadhlp.dll
0x00007ffaeec90000 - 0x00007ffaeed07000 	C:\WINDOWS\System32\fwpuclnt.dll

dbghelp: loaded successfully - version: 4.0.5 - missing functions: none
symbol engine: initialized successfully - sym options: 0x614 - pdb path: .;C:\Program Files\Java\jdk-14.0.1\bin;C:\WINDOWS\SYSTEM32;C:\WINDOWS\WinSxS\amd64_microsoft.windows.common-controls_6595b64144ccf1df_6.0.18362.1082_none_9e8193e1e45b25c1;C:\Program Files\Java\jdk-14.0.1\bin\server;C:\Users\cosme\AppData\Roaming\Code\User\globalStorage\redhat.java\0.68.0\config_win\org.eclipse.equinox.launcher\org.eclipse.equinox.launcher.win32.win32.x86_64_1.1.1300.v20200819-0940;C:\Users\cosme\AppData\Roaming\Code\User\globalStorage\redhat.java\0.68.0\config_win\org.eclipse.osgi\21\0\.cp

VM Arguments:
jvm_args: --add-modules=ALL-SYSTEM --add-opens=java.base/java.util=ALL-UNNAMED --add-opens=java.base/java.lang=ALL-UNNAMED -Declipse.application=org.eclipse.jdt.ls.core.id1 -Dosgi.bundles.defaultStartLevel=4 -Declipse.product=org.eclipse.jdt.ls.core.product -Dfile.encoding=utf8 -DwatchParentProcess=false -XX:+UseParallelGC -XX:GCTimeRatio=4 -XX:AdaptiveSizePolicyWeight=90 -Dsun.zip.disableMemoryMapping=true -Xmx1G -Xms100m 
java_command: c:\Users\cosme\.vscode\extensions\redhat.java-0.68.0\server\plugins\org.eclipse.equinox.launcher_1.5.800.v20200727-1323.jar -configuration c:\Users\cosme\AppData\Roaming\Code\User\globalStorage\redhat.java\0.68.0\config_win -data c:\Users\cosme\AppData\Roaming\Code\User\workspaceStorage\5d43724c83d1efb23ca6038b02995092\redhat.java\jdt_ws
java_class_path (initial): c:\Users\cosme\.vscode\extensions\redhat.java-0.68.0\server\plugins\org.eclipse.equinox.launcher_1.5.800.v20200727-1323.jar
Launcher Type: SUN_STANDARD

[Global flags]
    uintx AdaptiveSizePolicyWeight                 = 90                                        {product} {command line}
     intx CICompilerCount                          = 3                                         {product} {ergonomic}
    uintx GCTimeRatio                              = 4                                         {product} {command line}
   size_t InitialHeapSize                          = 104857600                                 {product} {command line}
   size_t MaxHeapSize                              = 1073741824                                {product} {command line}
   size_t MaxNewSize                               = 357564416                                 {product} {ergonomic}
   size_t MinHeapDeltaBytes                        = 524288                                    {product} {ergonomic}
   size_t MinHeapSize                              = 104857600                                 {product} {command line}
   size_t NewSize                                  = 34603008                                  {product} {ergonomic}
    uintx NonNMethodCodeHeapSize                   = 5832780                                {pd product} {ergonomic}
    uintx NonProfiledCodeHeapSize                  = 122912730                              {pd product} {ergonomic}
   size_t OldSize                                  = 70254592                                  {product} {ergonomic}
    uintx ProfiledCodeHeapSize                     = 122912730                              {pd product} {ergonomic}
    uintx ReservedCodeCacheSize                    = 251658240                              {pd product} {ergonomic}
     bool SegmentedCodeCache                       = true                                      {product} {ergonomic}
   size_t SoftMaxHeapSize                          = 1073741824                             {manageable} {ergonomic}
     bool UseCompressedClassPointers               = true                                 {lp64_product} {ergonomic}
     bool UseCompressedOops                        = true                                 {lp64_product} {ergonomic}
     bool UseLargePagesIndividualAllocation        = false                                  {pd product} {ergonomic}
     bool UseParallelGC                            = true                                      {product} {command line}

Logging:
Log output configuration:
 #0: stdout all=warning uptime,level,tags
 #1: stderr all=off uptime,level,tags

Environment Variables:
JAVA_HOME=C:\Program Files\Java\jdk1.8.0_221
CLASSPATH=.;
PATH=C:\Program Files (x86)\Common Files\Oracle\Java\javapath;C:\Program Files (x86)\Intel\Intel(R) Management Engine Components\iCLS\;C:\Program Files\Intel\Intel(R) Management Engine Components\iCLS\;C:\Windows\system32;C:\Windows;C:\Windows\System32\Wbem;C:\Windows\System32\WindowsPowerShell\v1.0\;C:\Windows\System32\OpenSSH\;C:\Program Files (x86)\Intel\Intel(R) Management Engine Components\DAL;C:\Program Files\Intel\Intel(R) Management Engine Components\DAL;C:\Program Files (x86)\Intel\Intel(R) Management Engine Components\IPT;C:\Program Files\Intel\Intel(R) Management Engine Components\IPT;C:\Program Files (x86)\NVIDIA Corporation\PhysX\Common;C:\Program Files\NVIDIA Corporation\NVIDIA NvDLISR;C:\ProgramData\chocolatey\bin;C:\Program Files\Java\jdk1.8.0_221\bin;C:\Program Files\dotnet\;C:\Program Files\Git\cmd;C:\Program Files\Intel\WiFi\bin\;C:\Program Files\Common Files\Intel\WirelessCommon\;C:\WINDOWS\system32;C:\WINDOWS;C:\WINDOWS\System32\Wbem;C:\WINDOWS\System32\WindowsPowerShell\v1.0\;C:\WINDOWS\System32\OpenSSH\;C:\Program Files (x86)\GtkSharp\2.12\bin;C:\Program Files (x86)\ZeroTier\One\;C:\Users\cosme\AppData\Local\Microsoft\WindowsApps;C:\Program Files\Intel\WiFi\bin\;C:\Program Files\Common Files\Intel\WirelessCommon\;C:\Exercism;C:\Users\cosme\AppData\Local\atom\bin;C:\Users\cosme\AppData\Local\Programs\Microsoft VS Code\bin;C:\Users\cosme\AppData\Local\GitHubDesktop\bin;%USERPROFILE%\AppData\Local\Microsoft\WindowsApps;
USERNAME=cosme
OS=Windows_NT
PROCESSOR_IDENTIFIER=Intel64 Family 6 Model 158 Stepping 10, GenuineIntel



---------------  S Y S T E M  ---------------

OS: Windows 10 , 64 bit Build 18362 (10.0.18362.1082)
OS uptime: 0 days 0:22 hours

CPU:total 6 (initial active 6) (6 cores per cpu, 1 threads per core) family 6 model 158 stepping 10, cmov, cx8, fxsr, mmx, sse, sse2, sse3, ssse3, sse4.1, sse4.2, popcnt, avx, avx2, aes, clmul, erms, rtm, 3dnowpref, lzcnt, tsc, tscinvbit, bmi1, bmi2, adx, fma

Memory: 4k page, system-wide physical 16325M (10343M free)
TotalPageFile size 31325M (AvailPageFile size 21414M)
current process WorkingSet (physical memory assigned to process): 207M, peak: 207M
current process commit charge ("private bytes"): 304M, peak: 312M

vm_info: Java HotSpot(TM) 64-Bit Server VM (14.0.1+7) for windows-amd64 JRE (14.0.1+7), built on Mar  5 2020 10:30:14 by "mach5one" with MS VC++ 15.9 (VS2017)

END.
